  Cursach.cpp
c:\users\luchi\source\repos\cursach\cursach\cursach.cpp(88): warning C4244: аргумент: преобразование "T" в "T", возможна потеря данных
          with
          [
              T=unsigned int
          ]
          and
          [
              T=float
          ]
c:\users\luchi\source\repos\cursach\cursach\cursach.cpp(89): warning C4244: аргумент: преобразование "T" в "T", возможна потеря данных
          with
          [
              T=unsigned int
          ]
          and
          [
              T=float
          ]
c:\users\luchi\source\repos\cursach\cursach\cursach.cpp(90): warning C4244: аргумент: преобразование "T" в "T", возможна потеря данных
          with
          [
              T=unsigned int
          ]
          and
          [
              T=float
          ]
c:\users\luchi\source\repos\cursach\cursach\cursach.cpp(91): warning C4244: аргумент: преобразование "T" в "T", возможна потеря данных
          with
          [
              T=unsigned int
          ]
          and
          [
              T=float
          ]
c:\users\luchi\source\repos\cursach\cursach\cursach.cpp(101): warning C4244: аргумент: преобразование "T" в "T", возможна потеря данных
          with
          [
              T=unsigned int
          ]
          and
          [
              T=float
          ]
c:\users\luchi\source\repos\cursach\cursach\cursach.cpp(110): warning C4018: >=: несоответствие типов со знаком и без знака
c:\users\luchi\source\repos\cursach\cursach\cursach.cpp(110): warning C4018: <=: несоответствие типов со знаком и без знака
c:\users\luchi\source\repos\cursach\cursach\cursach.cpp(468): warning C4244: аргумент: преобразование "float" в "unsigned int", возможна потеря данных
c:\users\luchi\source\repos\cursach\cursach\cursach.cpp(480): warning C4244: аргумент: преобразование "float" в "T", возможна потеря данных
          with
          [
              T=unsigned int
          ]
  Создание кода
  All 225 functions were compiled because no usable IPDB/IOBJ from previous compilation was found.
  Создание кода завершено
  Cursach.vcxproj -> C:\Users\luchi\source\repos\Cursach\x64\Release\Cursach.exe
