c:\users\luchi\desktop\temp\lifegame\cursach\x64\debug\vc141.pdb
c:\users\luchi\desktop\temp\lifegame\cursach\x64\debug\vc141.idb
c:\users\luchi\desktop\temp\lifegame\cursach\x64\debug\cursach.obj
c:\users\luchi\source\repos\cursach\cursach\x64\debug\vc141.pdb
c:\users\luchi\source\repos\cursach\cursach\x64\debug\vc141.idb
c:\users\luchi\source\repos\cursach\cursach\x64\debug\cursach.obj
c:\users\luchi\source\repos\cursach\lifegamecoursework\cursach\x64\debug\vc142.pdb
c:\users\luchi\source\repos\cursach\lifegamecoursework\cursach\x64\debug\vc142.idb
c:\users\luchi\source\repos\cursach\lifegamecoursework\cursach\x64\debug\cursach.obj
c:\users\luchi\desktop\temp\lifegame\x64\debug\cursach.exe
c:\users\luchi\desktop\temp\lifegame\x64\debug\cursach.ilk
c:\users\luchi\desktop\temp\lifegame\x64\debug\cursach.pdb
c:\users\luchi\source\repos\cursach\x64\debug\cursach.exe
c:\users\luchi\source\repos\cursach\x64\debug\cursach.ilk
c:\users\luchi\source\repos\cursach\x64\debug\cursach.pdb
c:\users\luchi\source\repos\cursach\lifegamecoursework\cursach\x64\debug\vc141.idb
c:\users\luchi\source\repos\cursach\lifegamecoursework\cursach\x64\debug\vc141.pdb
c:\users\luchi\source\repos\cursach\lifegamecoursework\x64\debug\cursach.pdb
c:\users\luchi\source\repos\cursach\lifegamecoursework\cursach\x64\debug\cursach.tlog\cl.command.1.tlog
c:\users\luchi\source\repos\cursach\lifegamecoursework\cursach\x64\debug\cursach.tlog\cl.read.1.tlog
c:\users\luchi\source\repos\cursach\lifegamecoursework\cursach\x64\debug\cursach.tlog\cl.write.1.tlog
c:\users\luchi\source\repos\cursach\lifegamecoursework\cursach\x64\debug\cursach.tlog\link-cvtres.read.1.tlog
c:\users\luchi\source\repos\cursach\lifegamecoursework\cursach\x64\debug\cursach.tlog\link-cvtres.write.1.tlog
c:\users\luchi\source\repos\cursach\lifegamecoursework\cursach\x64\debug\cursach.tlog\link-rc.read.1.tlog
c:\users\luchi\source\repos\cursach\lifegamecoursework\cursach\x64\debug\cursach.tlog\link-rc.write.1.tlog
c:\users\luchi\source\repos\cursach\lifegamecoursework\cursach\x64\debug\cursach.tlog\link.command.1.tlog
c:\users\luchi\source\repos\cursach\lifegamecoursework\cursach\x64\debug\cursach.tlog\link.read.1.tlog
c:\users\luchi\source\repos\cursach\lifegamecoursework\cursach\x64\debug\cursach.tlog\link.write.1.tlog
