  Cursach.cpp
c:\users\luchi\source\repos\cursach\cursach\cursach.cpp(89): warning C4244: аргумент: преобразование "T" в "T", возможна потеря данных
          with
          [
              T=unsigned int
          ]
          and
          [
              T=float
          ]
c:\users\luchi\source\repos\cursach\cursach\cursach.cpp(90): warning C4244: аргумент: преобразование "T" в "T", возможна потеря данных
          with
          [
              T=unsigned int
          ]
          and
          [
              T=float
          ]
c:\users\luchi\source\repos\cursach\cursach\cursach.cpp(91): warning C4244: аргумент: преобразование "T" в "T", возможна потеря данных
          with
          [
              T=unsigned int
          ]
          and
          [
              T=float
          ]
c:\users\luchi\source\repos\cursach\cursach\cursach.cpp(92): warning C4244: аргумент: преобразование "T" в "T", возможна потеря данных
          with
          [
              T=unsigned int
          ]
          and
          [
              T=float
          ]
c:\users\luchi\source\repos\cursach\cursach\cursach.cpp(102): warning C4244: аргумент: преобразование "T" в "T", возможна потеря данных
          with
          [
              T=unsigned int
          ]
          and
          [
              T=float
          ]
c:\users\luchi\source\repos\cursach\cursach\cursach.cpp(111): warning C4018: >=: несоответствие типов со знаком и без знака
c:\users\luchi\source\repos\cursach\cursach\cursach.cpp(111): warning C4018: <=: несоответствие типов со знаком и без знака
c:\users\luchi\source\repos\cursach\cursach\cursach.cpp(481): warning C4244: аргумент: преобразование "float" в "unsigned int", возможна потеря данных
  Cursach.vcxproj -> C:\Users\luchi\source\repos\Cursach\x64\Debug\Cursach.exe
